<?xml version="1.0" encoding="UTF-8"?>
<testng-results ignored="0" total="1" passed="1" failed="0" skipped="0">
  <reporter-output>
  </reporter-output>
  <suite started-at="2022-09-17T17:48:49 IST" name="Default suite" finished-at="2022-09-17T17:49:20 IST" duration-ms="31251">
    <groups>
    </groups>
    <test started-at="2022-09-17T17:48:49 IST" name="Default test" finished-at="2022-09-17T17:49:20 IST" duration-ms="31251">
      <class name="org.flipkart.addtocart.InsertProductToCart">
        <test-method is-config="true" signature="suiteSetUp()[pri:0, instance:org.flipkart.addtocart.InsertProductToCart@268f106e]" started-at="2022-09-17T17:48:49 IST" name="suiteSetUp" finished-at="2022-09-17T17:48:49 IST" duration-ms="10" status="PASS">
          <reporter-output>
          </reporter-output>
        </test-method> <!-- suiteSetUp -->
        <test-method is-config="true" signature="classSetUp()[pri:0, instance:org.flipkart.addtocart.InsertProductToCart@268f106e]" started-at="2022-09-17T17:48:49 IST" name="classSetUp" finished-at="2022-09-17T17:48:49 IST" duration-ms="0" status="PASS">
          <reporter-output>
          </reporter-output>
        </test-method> <!-- classSetUp -->
        <test-method is-config="true" signature="methodSetUp()[pri:0, instance:org.flipkart.addtocart.InsertProductToCart@268f106e]" started-at="2022-09-17T17:48:49 IST" name="methodSetUp" finished-at="2022-09-17T17:49:01 IST" duration-ms="12003" status="PASS">
          <reporter-output>
          </reporter-output>
        </test-method> <!-- methodSetUp -->
        <test-method signature="insertProductToCart()[pri:0, instance:org.flipkart.addtocart.InsertProductToCart@268f106e]" started-at="2022-09-17T17:49:01 IST" name="insertProductToCart" finished-at="2022-09-17T17:49:20 IST" duration-ms="18585" status="PASS">
          <reporter-output>
          </reporter-output>
        </test-method> <!-- insertProductToCart -->
        <test-method is-config="true" signature="methodTearDown()[pri:0, instance:org.flipkart.addtocart.InsertProductToCart@268f106e]" started-at="2022-09-17T17:49:20 IST" name="methodTearDown" finished-at="2022-09-17T17:49:20 IST" duration-ms="195" status="PASS">
          <reporter-output>
          </reporter-output>
        </test-method> <!-- methodTearDown -->
        <test-method is-config="true" signature="classTearDown()[pri:0, instance:org.flipkart.addtocart.InsertProductToCart@268f106e]" started-at="2022-09-17T17:49:20 IST" name="classTearDown" finished-at="2022-09-17T17:49:20 IST" duration-ms="0" status="PASS">
          <reporter-output>
          </reporter-output>
        </test-method> <!-- classTearDown -->
        <test-method is-config="true" signature="suiteTearDown()[pri:0, instance:org.flipkart.addtocart.InsertProductToCart@268f106e]" started-at="2022-09-17T17:49:21 IST" name="suiteTearDown" finished-at="2022-09-17T17:49:21 IST" duration-ms="0" status="PASS">
          <reporter-output>
          </reporter-output>
        </test-method> <!-- suiteTearDown -->
      </class> <!-- org.flipkart.addtocart.InsertProductToCart -->
    </test> <!-- Default test -->
  </suite> <!-- Default suite -->
</testng-results>
